<?xml version="1.0" encoding="UTF-8"?>
<!-- Generated by org.testng.reporters.JUnitReportReporter -->
<testsuite skipped="0" hostname="DESKTOP-II4GI5H" name="Tests.loginTest" tests="1" failures="0" timestamp="2020-10-30T11:57:28 CST" time="15.038" errors="0">
  <testcase name="doLogin" time="15.038" classname="Tests.loginTest"/>
  <system-out/>
</testsuite> <!-- Tests.loginTest -->
