<?xml version="1.0" encoding="UTF-8"?>
<!-- Generated by org.testng.reporters.JUnitReportReporter -->
<testsuite skipped="0" hostname="DESKTOP-II4GI5H" name="Tests.cartTest" tests="2" failures="0" timestamp="2020-11-05T21:55:04 CST" time="26.834" errors="0">
  <testcase name="addItemToCartAsAnonymous" time="14.666" classname="Tests.cartTest"/>
  <system-out/>
  <testcase name="addItemToCartAsAnonymous" time="12.168" classname="Tests.cartTest"/>
  <system-out/>
</testsuite> <!-- Tests.cartTest -->
