<?xml version="1.0" encoding="UTF-8"?>
<!-- Generated by org.testng.reporters.JUnitReportReporter -->
<testsuite skipped="0" hostname="DESKTOP-II4GI5H" name="Tests.loginTest" tests="1" failures="0" timestamp="2020-11-02T22:26:45 CST" time="13.747" errors="0">
  <testcase name="doLogin" time="13.747" classname="Tests.loginTest"/>
  <system-out/>
</testsuite> <!-- Tests.loginTest -->
