<?xml version="1.0" encoding="UTF-8"?>
<!-- Generated by org.testng.reporters.JUnitReportReporter -->
<testsuite skipped="0" hostname="DESKTOP-II4GI5H" name="Tests.cartTest" tests="2" failures="0" timestamp="2020-11-05T21:38:21 CST" time="26.617" errors="0">
  <testcase name="addItemToCartAsAnonymous" time="11.903" classname="Tests.cartTest"/>
  <system-out/>
  <testcase name="addItemToCartAsAnonymous" time="14.714" classname="Tests.cartTest"/>
  <system-out/>
</testsuite> <!-- Tests.cartTest -->
