<?xml version="1.0" encoding="UTF-8"?>
<!-- Generated by org.testng.reporters.JUnitReportReporter -->
<testsuite skipped="0" hostname="DESKTOP-II4GI5H" name="Tests.currencyTest" tests="2" failures="0" timestamp="2020-11-05T21:55:04 CST" time="30.522" errors="0">
  <testcase name="currencyValidation" time="15.051" classname="Tests.currencyTest"/>
  <system-out/>
  <testcase name="currencyValidation" time="15.471" classname="Tests.currencyTest"/>
  <system-out/>
</testsuite> <!-- Tests.currencyTest -->
