<?xml version="1.0" encoding="UTF-8"?>
<!-- Generated by org.testng.reporters.JUnitReportReporter -->
<testsuite skipped="0" hostname="DESKTOP-II4GI5H" name="Tests.loginTest" tests="1" failures="0" timestamp="2020-10-26T01:09:06 CST" time="13.966" errors="0">
  <testcase name="doLogin" time="13.966" classname="Tests.loginTest"/>
  <system-out/>
</testsuite> <!-- Tests.loginTest -->
