<?xml version="1.0" encoding="UTF-8"?>
<!-- Generated by org.testng.reporters.JUnitReportReporter -->
<testsuite skipped="0" hostname="DESKTOP-II4GI5H" name="Tests.registerTest" tests="1" failures="0" timestamp="2020-10-26T20:29:01 CST" time="18.771" errors="0">
  <testcase name="doRegister" time="18.771" classname="Tests.registerTest"/>
  <system-out/>
</testsuite> <!-- Tests.registerTest -->
