<?xml version="1.0" encoding="UTF-8"?>
<!-- Generated by org.testng.reporters.JUnitReportReporter -->
<testsuite skipped="0" hostname="DESKTOP-II4GI5H" name="Tests.registerTest" tests="1" failures="0" timestamp="2020-10-26T01:09:06 CST" time="21.046" errors="0">
  <testcase name="doRegister" time="21.046" classname="Tests.registerTest"/>
  <system-out/>
</testsuite> <!-- Tests.registerTest -->
