<?xml version="1.0" encoding="UTF-8"?>
<!-- Generated by org.testng.reporters.JUnitReportReporter -->
<testsuite skipped="0" hostname="DESKTOP-II4GI5H" name="Tests.currencyTest" tests="2" failures="0" timestamp="2020-11-05T21:38:21 CST" time="32.812" errors="0">
  <testcase name="currencyValidation" time="16.589" classname="Tests.currencyTest"/>
  <system-out/>
  <testcase name="currencyValidation" time="16.223" classname="Tests.currencyTest"/>
  <system-out/>
</testsuite> <!-- Tests.currencyTest -->
