<?xml version="1.0" encoding="UTF-8"?>
<!-- Generated by org.testng.reporters.JUnitReportReporter -->
<testsuite skipped="0" hostname="DESKTOP-II4GI5H" name="Tests.CartTest" tests="1" failures="0" timestamp="2020-11-03T22:15:50 CST" time="11.931" errors="0">
  <testcase name="addItemToCartAsAnonymous" time="11.931" classname="Tests.CartTest"/>
  <system-out/>
</testsuite> <!-- Tests.CartTest -->
