<?xml version="1.0" encoding="UTF-8"?>
<!-- Generated by org.testng.reporters.JUnitReportReporter -->
<testsuite skipped="0" hostname="DESKTOP-II4GI5H" name="Tests.loginTest" tests="1" failures="0" timestamp="2020-10-25T21:40:55 CST" time="14.046" errors="0">
  <testcase name="doLogin" time="14.046" classname="Tests.loginTest"/>
  <system-out/>
</testsuite> <!-- Tests.loginTest -->
